2019-01-07 11:54:12 +0000  Initial pipeline context: <IDEDistributionProcessingPipelineContext: 0x7f957f0b3ba0; archive(resolved)='<IDEArchive: 0x7f957f1b01c0>', distributionTask(resolved)='2', distributionDestination(resolved)='1', distributionMethod(resolved)='<IDEDistributionMethodiOSEnterprise: 0x7f9575e56b90>', team(resolved)='<IDEProvisioningDisambiguatableBasicTeam: 0x7f957899f030; teamID='22DQQ28V3F', teamName='Beijing Agong Technology Co., Ltd.', teamType='Enterprise', username='chjesu@163.com', isFreeProvisioningTeam='0'>'>
	Chain (12, self inclusive):
	<IDEDistributionProcessingPipelineContext: 0x7f957f0b3ba0; archive = '<IDEArchive: 0x7f957f1b01c0>', distributionMethod='<IDEDistributionMethodiOSEnterprise: 0x7f9575e56b90>', team='<IDEProvisioningDisambiguatableBasicTeam: 0x7f957899f030; teamID='22DQQ28V3F', teamName='Beijing Agong Technology Co., Ltd.', teamType='Enterprise', username='chjesu@163.com', isFreeProvisioningTeam='0'>'>
	<IDEDistributionProcessingPipelineContext: 0x7f955f6d91f0; archive = '<IDEArchive: 0x7f957f1b01c0>', distributionMethod='<IDEDistributionMethodiOSEnterprise: 0x7f9575e56b90>', team='<IDEProvisioningDisambiguatableBasicTeam: 0x7f957899f030; teamID='22DQQ28V3F', teamName='Beijing Agong Technology Co., Ltd.', teamType='Enterprise', username='chjesu@163.com', isFreeProvisioningTeam='0'>'>
	<IDEDistributionContext: 0x7f95610a3850; archive = '<IDEArchive: 0x7f957f1b01c0>', distributionMethod='<IDEDistributionMethodiOSEnterprise: 0x7f9575e56b90>', team='<IDEProvisioningDisambiguatableBasicTeam: 0x7f957899f030; teamID='22DQQ28V3F', teamName='Beijing Agong Technology Co., Ltd.', teamType='Enterprise', username='chjesu@163.com', isFreeProvisioningTeam='0'>'>
	<IDEDistributionContext: 0x7f95600bf6c0; archive = '<IDEArchive: 0x7f957f1b01c0>', distributionMethod='<IDEDistributionMethodiOSEnterprise: 0x7f9575e56b90>', team='<IDEProvisioningDisambiguatableBasicTeam: 0x7f957899f030; teamID='22DQQ28V3F', teamName='Beijing Agong Technology Co., Ltd.', teamType='Enterprise', username='chjesu@163.com', isFreeProvisioningTeam='0'>'>
	<IDEDistributionContext: 0x7f9560ce8bf0; archive = '<IDEArchive: 0x7f957f1b01c0>', distributionMethod='<IDEDistributionMethodiOSEnterprise: 0x7f9575e56b90>', team='<IDEProvisioningDisambiguatableBasicTeam: 0x7f957899f030; teamID='22DQQ28V3F', teamName='Beijing Agong Technology Co., Ltd.', teamType='Enterprise', username='chjesu@163.com', isFreeProvisioningTeam='0'>'>
	<IDEDistributionContext: 0x7f9560fa0cd0; archive = '<IDEArchive: 0x7f957f1b01c0>', distributionMethod='<IDEDistributionMethodiOSEnterprise: 0x7f9575e56b90>', team='<IDEProvisioningDisambiguatableBasicTeam: 0x7f957899f030; teamID='22DQQ28V3F', teamName='Beijing Agong Technology Co., Ltd.', teamType='Enterprise', username='chjesu@163.com', isFreeProvisioningTeam='0'>'>
	<IDEDistributionContext: 0x7f9560cd6220; archive = '<IDEArchive: 0x7f957f1b01c0>', distributionMethod='<IDEDistributionMethodiOSEnterprise: 0x7f9575e56b90>', team='<IDEProvisioningDisambiguatableBasicTeam: 0x7f957899f030; teamID='22DQQ28V3F', teamName='Beijing Agong Technology Co., Ltd.', teamType='Enterprise', username='chjesu@163.com', isFreeProvisioningTeam='0'>'>
	<IDEDistributionContext: 0x7f9560cdff10; archive = '<IDEArchive: 0x7f957f1b01c0>', distributionMethod='<IDEDistributionMethodiOSEnterprise: 0x7f9575e56b90>', team='<IDEProvisioningDisambiguatableBasicTeam: 0x7f957899f030; teamID='22DQQ28V3F', teamName='Beijing Agong Technology Co., Ltd.', teamType='Enterprise', username='chjesu@163.com', isFreeProvisioningTeam='0'>'>
	<IDEDistributionContext: 0x7f957f1b6260; archive = '<IDEArchive: 0x7f957f1b01c0>', distributionMethod='<IDEDistributionMethodiOSEnterprise: 0x7f9575e56b90>', team='<IDEProvisioningDisambiguatableBasicTeam: 0x7f957899f030; teamID='22DQQ28V3F', teamName='Beijing Agong Technology Co., Ltd.', teamType='Enterprise', username='chjesu@163.com', isFreeProvisioningTeam='0'>'>
	<IDEDistributionContext: 0x7f957f1aff20; archive = '<IDEArchive: 0x7f957f1b01c0>', distributionMethod='<IDEDistributionMethodiOSEnterprise: 0x7f9575e56b90>', team='(null)'>
	<IDEDistributionContext: 0x7f957d95dc50; archive = '<IDEArchive: 0x7f957f1b01c0>', distributionMethod='<IDEDistributionMethodiOSEnterprise: 0x7f9575e56b90>', team='(null)'>
	<IDEDistributionContext: 0x7f957efc3910; archive = '<IDEArchive: 0x7f957f1b01c0>', distributionMethod='(null)', team='(null)'>
</IDEDistributionProcessingPipelineContext: 0x7f957f0b3ba0>
2019-01-07 11:54:12 +0000  Processing step: IDEDistributionCreateDestRootStep
2019-01-07 11:54:12 +0000  Processing step: IDEDistributionCopyItemStep
2019-01-07 11:54:12 +0000  Running /usr/bin/ditto '-V' '/Users/aj/Library/Developer/Xcode/Archives/2019-01-07/DgameSDKDemo 2019-1-7, 7.53 PM.xcarchive/Products/Applications/DgameSDKDemo.app' '/var/folders/l8/1cpz93pj20n6j8p3vm6m8dww0000gn/T/XcodeDistPipeline.6Jb/Root/Payload/DgameSDKDemo.app'
2019-01-07 11:54:12 +0000  >>> Copying /Users/aj/Library/Developer/Xcode/Archives/2019-01-07/DgameSDKDemo 2019-1-7, 7.53 PM.xcarchive/Products/Applications/DgameSDKDemo.app 
2019-01-07 11:54:12 +0000  copying file ./_CodeSignature/CodeResources ... 
2019-01-07 11:54:12 +0000  5013 bytes for ./_CodeSignature/CodeResources
2019-01-07 11:54:12 +0000  copying file ./DGamesSDK.bundle/ca.crt ... 
2019-01-07 11:54:12 +0000  1586 bytes for ./DGamesSDK.bundle/ca.crt
copying file ./DGamesSDK.bundle/core.yaml ... 
2019-01-07 11:54:12 +0000  344 bytes for ./DGamesSDK.bundle/core.yaml
2019-01-07 11:54:12 +0000  copying file ./Base.lproj/Main.storyboardc/UIViewController-BYZ-38-t0r.nib ... 
2019-01-07 11:54:12 +0000  964 bytes for ./Base.lproj/Main.storyboardc/UIViewController-BYZ-38-t0r.nib
2019-01-07 11:54:12 +0000  copying file ./Base.lproj/Main.storyboardc/BYZ-38-t0r-view-8bC-Xf-vdC.nib ... 
2019-01-07 11:54:12 +0000  4460 bytes for ./Base.lproj/Main.storyboardc/BYZ-38-t0r-view-8bC-Xf-vdC.nib
copying file ./Base.lproj/Main.storyboardc/Info.plist ... 
2019-01-07 11:54:12 +0000  258 bytes for ./Base.lproj/Main.storyboardc/Info.plist
2019-01-07 11:54:12 +0000  copying file ./Base.lproj/LaunchScreen.storyboardc/01J-lp-oVM-view-Ze5-6b-2t3.nib ... 
2019-01-07 11:54:12 +0000  1791 bytes for ./Base.lproj/LaunchScreen.storyboardc/01J-lp-oVM-view-Ze5-6b-2t3.nib
copying file ./Base.lproj/LaunchScreen.storyboardc/UIViewController-01J-lp-oVM.nib ... 
2019-01-07 11:54:12 +0000  832 bytes for ./Base.lproj/LaunchScreen.storyboardc/UIViewController-01J-lp-oVM.nib
copying file ./Base.lproj/LaunchScreen.storyboardc/Info.plist ... 
2019-01-07 11:54:12 +0000  258 bytes for ./Base.lproj/LaunchScreen.storyboardc/Info.plist
2019-01-07 11:54:12 +0000  copying file ./DgameSDKDemo ... 
2019-01-07 11:54:12 +0000  12622240 bytes for ./DgameSDKDemo
2019-01-07 11:54:12 +0000  copying file ./embedded.mobileprovision ... 
11108 bytes for ./embedded.mobileprovision
copying file ./Info.plist ... 
2019-01-07 11:54:12 +0000  1185 bytes for ./Info.plist
copying file ./PkgInfo ... 
2019-01-07 11:54:12 +0000  8 bytes for ./PkgInfo
2019-01-07 11:54:12 +0000  /usr/bin/ditto exited with 0
2019-01-07 11:54:12 +0000  Processing step: IDEDistributionEmbedProfileStep
2019-01-07 11:54:12 +0000  Processing step: IDEDistributionAppThinningPlistStep
2019-01-07 11:54:12 +0000  Skipping step: IDEDistributionAppThinningPlistStep because it said so
2019-01-07 11:54:12 +0000  Processing step: IDEDistributionCompileBitcodeStep
2019-01-07 11:54:12 +0000  Skipping step: IDEDistributionCompileBitcodeStep because it said so
2019-01-07 11:54:12 +0000  Processing step: IDEDistributionCodeSlimmingStep
2019-01-07 11:54:12 +0000  Processing step: IDEDistributionCopyBCSymbolMapsStep
2019-01-07 11:54:12 +0000  Skipping step: IDEDistributionCopyBCSymbolMapsStep because it said so
2019-01-07 11:54:12 +0000  Processing step: IDEDistributionSymbolsStep
2019-01-07 11:54:12 +0000  Skipping step: IDEDistributionSymbolsStep because it said so
2019-01-07 11:54:12 +0000  Processing step: IDEDistributionAppThinningStep
2019-01-07 11:54:12 +0000  Skipping step: IDEDistributionAppThinningStep because it said so
2019-01-07 11:54:12 +0000  Processing step: IDEDistributionArchThinningStep
2019-01-07 11:54:12 +0000  Running /Applications/Xcode.app/Contents/Developer/Toolchains/XcodeDefault.xctoolchain/usr/bin/lipo '/var/folders/l8/1cpz93pj20n6j8p3vm6m8dww0000gn/T/XcodeDistPipeline.6Jb/Root/Payload/DgameSDKDemo.app/DgameSDKDemo' '-verify_arch' 'arm64e'
2019-01-07 11:54:12 +0000  /Applications/Xcode.app/Contents/Developer/Toolchains/XcodeDefault.xctoolchain/usr/bin/lipo exited with 1
2019-01-07 11:54:12 +0000  Skipping architecture thinning for item "DgameSDKDemo" because arch "arm64e" wasn't found
2019-01-07 11:54:12 +0000  Processing step: IDEDistributionODRStep
2019-01-07 11:54:12 +0000  Processing step: IDEDistributionStripXattrsStep
2019-01-07 11:54:12 +0000  Running /usr/bin/xattr '-crs' '/var/folders/l8/1cpz93pj20n6j8p3vm6m8dww0000gn/T/XcodeDistPipeline.6Jb/Root/Payload/DgameSDKDemo.app'
2019-01-07 11:54:13 +0000  /usr/bin/xattr exited with 0
2019-01-07 11:54:13 +0000  Processing step: IDEDistributionCodesignStep
2019-01-07 11:54:13 +0000  Entitlements for <IDEDistributionItem: 0x7f95766021c0 'com.ranka.xinxinappdgame' '<DVTFilePath:0x7f9578bb64e0:'/Users/aj/Library/Developer/Xcode/Archives/2019-01-07/DgameSDKDemo 2019-1-7, 7.53 PM.xcarchive/Products/Applications/DgameSDKDemo.app'>'>: {
    "application-identifier" = "22DQQ28V3F.com.ranka.xinxinappdgame";
    "com.apple.developer.team-identifier" = 22DQQ28V3F;
    "get-task-allow" = 0;
    "keychain-access-groups" =     (
        "22DQQ28V3F.com.ranka.xinxinappdgame"
    );
}
2019-01-07 11:54:13 +0000  Writing entitlements for <IDEDistributionItem: 0x7f95766021c0 'com.ranka.xinxinappdgame' '<DVTFilePath:0x7f9578bb64e0:'/Users/aj/Library/Developer/Xcode/Archives/2019-01-07/DgameSDKDemo 2019-1-7, 7.53 PM.xcarchive/Products/Applications/DgameSDKDemo.app'>'> to: /var/folders/l8/1cpz93pj20n6j8p3vm6m8dww0000gn/T/XcodeDistPipeline.6Jb/entitlementssrg8gK
2019-01-07 11:54:13 +0000  Running /usr/bin/codesign '-vvv' '--force' '--sign' 'C09AE46C00415F00AFA5DFE5E725848248552842' '--entitlements' '/var/folders/l8/1cpz93pj20n6j8p3vm6m8dww0000gn/T/XcodeDistPipeline.6Jb/entitlementssrg8gK' '--preserve-metadata=identifier,flags,runtime' '/var/folders/l8/1cpz93pj20n6j8p3vm6m8dww0000gn/T/XcodeDistPipeline.6Jb/Root/Payload/DgameSDKDemo.app'
2019-01-07 11:54:13 +0000  /var/folders/l8/1cpz93pj20n6j8p3vm6m8dww0000gn/T/XcodeDistPipeline.6Jb/Root/Payload/DgameSDKDemo.app: replacing existing signature
2019-01-07 11:54:13 +0000  /var/folders/l8/1cpz93pj20n6j8p3vm6m8dww0000gn/T/XcodeDistPipeline.6Jb/Root/Payload/DgameSDKDemo.app: signed app bundle with Mach-O thin (arm64) [com.ranka.xinxinappdgame]
2019-01-07 11:54:13 +0000  /usr/bin/codesign exited with 0
2019-01-07 11:54:13 +0000  Processing step: IDEDistributionZipODRItemStep
2019-01-07 11:54:13 +0000  Skipping step: IDEDistributionZipODRItemStep because it said so
2019-01-07 11:54:13 +0000  Processing step: IDEDistributionCreateIPAStep
2019-01-07 11:54:13 +0000  Running /usr/bin/ditto '-V' '-c' '-k' '--norsrc' '/var/folders/l8/1cpz93pj20n6j8p3vm6m8dww0000gn/T/XcodeDistPipeline.6Jb/Root' '/var/folders/l8/1cpz93pj20n6j8p3vm6m8dww0000gn/T/XcodeDistPipeline.6Jb/Packages/DgameSDKDemo.ipa'
2019-01-07 11:54:13 +0000  >>> Copying /var/folders/l8/1cpz93pj20n6j8p3vm6m8dww0000gn/T/XcodeDistPipeline.6Jb/Root 
2019-01-07 11:54:13 +0000  copying file ./Payload/DgameSDKDemo.app/_CodeSignature/CodeResources ... 
2019-01-07 11:54:13 +0000  5013 bytes for ./Payload/DgameSDKDemo.app/_CodeSignature/CodeResources
2019-01-07 11:54:13 +0000  copying file ./Payload/DgameSDKDemo.app/DGamesSDK.bundle/ca.crt ... 
2019-01-07 11:54:13 +0000  1586 bytes for ./Payload/DgameSDKDemo.app/DGamesSDK.bundle/ca.crt
copying file ./Payload/DgameSDKDemo.app/DGamesSDK.bundle/core.yaml ... 
2019-01-07 11:54:13 +0000  344 bytes for ./Payload/DgameSDKDemo.app/DGamesSDK.bundle/core.yaml
2019-01-07 11:54:13 +0000  copying file ./Payload/DgameSDKDemo.app/Base.lproj/Main.storyboardc/UIViewController-BYZ-38-t0r.nib ... 
2019-01-07 11:54:13 +0000  964 bytes for ./Payload/DgameSDKDemo.app/Base.lproj/Main.storyboardc/UIViewController-BYZ-38-t0r.nib
2019-01-07 11:54:13 +0000  copying file ./Payload/DgameSDKDemo.app/Base.lproj/Main.storyboardc/BYZ-38-t0r-view-8bC-Xf-vdC.nib ... 
2019-01-07 11:54:13 +0000  4460 bytes for ./Payload/DgameSDKDemo.app/Base.lproj/Main.storyboardc/BYZ-38-t0r-view-8bC-Xf-vdC.nib
copying file ./Payload/DgameSDKDemo.app/Base.lproj/Main.storyboardc/Info.plist ... 
2019-01-07 11:54:13 +0000  258 bytes for ./Payload/DgameSDKDemo.app/Base.lproj/Main.storyboardc/Info.plist
2019-01-07 11:54:13 +0000  copying file ./Payload/DgameSDKDemo.app/Base.lproj/LaunchScreen.storyboardc/01J-lp-oVM-view-Ze5-6b-2t3.nib ... 
1791 bytes for ./Payload/DgameSDKDemo.app/Base.lproj/LaunchScreen.storyboardc/01J-lp-oVM-view-Ze5-6b-2t3.nib
copying file ./Payload/DgameSDKDemo.app/Base.lproj/LaunchScreen.storyboardc/UIViewController-01J-lp-oVM.nib ... 
2019-01-07 11:54:13 +0000  832 bytes for ./Payload/DgameSDKDemo.app/Base.lproj/LaunchScreen.storyboardc/UIViewController-01J-lp-oVM.nib
copying file ./Payload/DgameSDKDemo.app/Base.lproj/LaunchScreen.storyboardc/Info.plist ... 
2019-01-07 11:54:13 +0000  258 bytes for ./Payload/DgameSDKDemo.app/Base.lproj/LaunchScreen.storyboardc/Info.plist
2019-01-07 11:54:13 +0000  copying file ./Payload/DgameSDKDemo.app/DgameSDKDemo ... 
2019-01-07 11:54:13 +0000  12622256 bytes for ./Payload/DgameSDKDemo.app/DgameSDKDemo
copying file ./Payload/DgameSDKDemo.app/embedded.mobileprovision ... 
2019-01-07 11:54:13 +0000  9565 bytes for ./Payload/DgameSDKDemo.app/embedded.mobileprovision
copying file ./Payload/DgameSDKDemo.app/Info.plist ... 
1185 bytes for ./Payload/DgameSDKDemo.app/Info.plist
copying file ./Payload/DgameSDKDemo.app/PkgInfo ... 
8 bytes for ./Payload/DgameSDKDemo.app/PkgInfo
2019-01-07 11:54:13 +0000  /usr/bin/ditto exited with 0
2019-01-07 11:54:13 +0000  Processing step: IDEDistributionAppStoreInformationStep
2019-01-07 11:54:13 +0000  Skipping step: IDEDistributionAppStoreInformationStep because it said so
2019-01-07 11:54:13 +0000  Processing step: IDEDistributionCreateManifestStep
